2023-04-12 17:24:39,543 [Worker-2: Loading available Gradle versions] INFO  o.e.b.c.i.u.g.PublishedGradleVersions - Gradle version information cache is up-to-date. Trying to read.
2023-04-12 17:26:56,833 [Worker-13: Launching mavenrun-93acf26c-7469-4f5e-af89-0a88b31d7cb3] INFO  o.eclipse.m2e.core.internal.Bundles - getClasspathEntries(Bundle=org.eclipse.m2e.maven.runtime_3.8.701.20230209-1606 [609])
2023-04-12 17:26:56,840 [Worker-13: Launching mavenrun-93acf26c-7469-4f5e-af89-0a88b31d7cb3] INFO  o.eclipse.m2e.core.internal.Bundles - 	Entry: C:\Users\Guru\.p2\pool\plugins\org.eclipse.m2e.maven.runtime_3.8.701.20230209-1606
2023-04-12 17:26:56,841 [Worker-13: Launching mavenrun-93acf26c-7469-4f5e-af89-0a88b31d7cb3] INFO  o.eclipse.m2e.core.internal.Bundles - 	Entry: C:\Users\Guru\.p2\pool\plugins\org.eclipse.m2e.maven.runtime_3.8.701.20230209-1606\jars\aether-connector-okhttp-0.17.8.jar
2023-04-12 17:26:56,843 [Worker-13: Launching mavenrun-93acf26c-7469-4f5e-af89-0a88b31d7cb3] INFO  o.eclipse.m2e.core.internal.Bundles - 	Entry: C:\Users\Guru\.p2\pool\plugins\org.eclipse.m2e.maven.runtime_3.8.701.20230209-1606\jars\commons-lang3-3.8.1.jar
2023-04-12 17:26:56,844 [Worker-13: Launching mavenrun-93acf26c-7469-4f5e-af89-0a88b31d7cb3] INFO  o.eclipse.m2e.core.internal.Bundles - 	Entry: C:\Users\Guru\.p2\pool\plugins\org.eclipse.m2e.maven.runtime_3.8.701.20230209-1606\jars\guice-4.2.2-no_aop.jar
2023-04-12 17:26:56,845 [Worker-13: Launching mavenrun-93acf26c-7469-4f5e-af89-0a88b31d7cb3] INFO  o.eclipse.m2e.core.internal.Bundles - 	Entry: C:\Users\Guru\.p2\pool\plugins\org.eclipse.m2e.maven.runtime_3.8.701.20230209-1606\jars\jansi-2.4.0.jar
2023-04-12 17:26:56,845 [Worker-13: Launching mavenrun-93acf26c-7469-4f5e-af89-0a88b31d7cb3] INFO  o.eclipse.m2e.core.internal.Bundles - 	Entry: C:\Users\Guru\.p2\pool\plugins\org.eclipse.m2e.maven.runtime_3.8.701.20230209-1606\jars\maven-artifact-3.8.7.jar
2023-04-12 17:26:56,846 [Worker-13: Launching mavenrun-93acf26c-7469-4f5e-af89-0a88b31d7cb3] INFO  o.eclipse.m2e.core.internal.Bundles - 	Entry: C:\Users\Guru\.p2\pool\plugins\org.eclipse.m2e.maven.runtime_3.8.701.20230209-1606\jars\maven-builder-support-3.8.7.jar
2023-04-12 17:26:56,847 [Worker-13: Launching mavenrun-93acf26c-7469-4f5e-af89-0a88b31d7cb3] INFO  o.eclipse.m2e.core.internal.Bundles - 	Entry: C:\Users\Guru\.p2\pool\plugins\org.eclipse.m2e.maven.runtime_3.8.701.20230209-1606\jars\maven-compat-3.8.7.jar
2023-04-12 17:26:56,847 [Worker-13: Launching mavenrun-93acf26c-7469-4f5e-af89-0a88b31d7cb3] INFO  o.eclipse.m2e.core.internal.Bundles - 	Entry: C:\Users\Guru\.p2\pool\plugins\org.eclipse.m2e.maven.runtime_3.8.701.20230209-1606\jars\maven-core-3.8.7.jar
2023-04-12 17:26:56,848 [Worker-13: Launching mavenrun-93acf26c-7469-4f5e-af89-0a88b31d7cb3] INFO  o.eclipse.m2e.core.internal.Bundles - 	Entry: C:\Users\Guru\.p2\pool\plugins\org.eclipse.m2e.maven.runtime_3.8.701.20230209-1606\jars\maven-embedder-3.8.7.jar
2023-04-12 17:26:56,848 [Worker-13: Launching mavenrun-93acf26c-7469-4f5e-af89-0a88b31d7cb3] INFO  o.eclipse.m2e.core.internal.Bundles - 	Entry: C:\Users\Guru\.p2\pool\plugins\org.eclipse.m2e.maven.runtime_3.8.701.20230209-1606\jars\maven-model-3.8.7.jar
2023-04-12 17:26:56,849 [Worker-13: Launching mavenrun-93acf26c-7469-4f5e-af89-0a88b31d7cb3] INFO  o.eclipse.m2e.core.internal.Bundles - 	Entry: C:\Users\Guru\.p2\pool\plugins\org.eclipse.m2e.maven.runtime_3.8.701.20230209-1606\jars\maven-model-builder-3.8.7.jar
2023-04-12 17:26:56,849 [Worker-13: Launching mavenrun-93acf26c-7469-4f5e-af89-0a88b31d7cb3] INFO  o.eclipse.m2e.core.internal.Bundles - 	Entry: C:\Users\Guru\.p2\pool\plugins\org.eclipse.m2e.maven.runtime_3.8.701.20230209-1606\jars\maven-plugin-api-3.8.7.jar
2023-04-12 17:26:56,850 [Worker-13: Launching mavenrun-93acf26c-7469-4f5e-af89-0a88b31d7cb3] INFO  o.eclipse.m2e.core.internal.Bundles - 	Entry: C:\Users\Guru\.p2\pool\plugins\org.eclipse.m2e.maven.runtime_3.8.701.20230209-1606\jars\maven-repository-metadata-3.8.7.jar
2023-04-12 17:26:56,851 [Worker-13: Launching mavenrun-93acf26c-7469-4f5e-af89-0a88b31d7cb3] INFO  o.eclipse.m2e.core.internal.Bundles - 	Entry: C:\Users\Guru\.p2\pool\plugins\org.eclipse.m2e.maven.runtime_3.8.701.20230209-1606\jars\maven-resolver-api-1.6.3.jar
2023-04-12 17:26:56,851 [Worker-13: Launching mavenrun-93acf26c-7469-4f5e-af89-0a88b31d7cb3] INFO  o.eclipse.m2e.core.internal.Bundles - 	Entry: C:\Users\Guru\.p2\pool\plugins\org.eclipse.m2e.maven.runtime_3.8.701.20230209-1606\jars\maven-resolver-connector-basic-1.6.3.jar
2023-04-12 17:26:56,851 [Worker-13: Launching mavenrun-93acf26c-7469-4f5e-af89-0a88b31d7cb3] INFO  o.eclipse.m2e.core.internal.Bundles - 	Entry: C:\Users\Guru\.p2\pool\plugins\org.eclipse.m2e.maven.runtime_3.8.701.20230209-1606\jars\maven-resolver-impl-1.6.3.jar
2023-04-12 17:26:56,852 [Worker-13: Launching mavenrun-93acf26c-7469-4f5e-af89-0a88b31d7cb3] INFO  o.eclipse.m2e.core.internal.Bundles - 	Entry: C:\Users\Guru\.p2\pool\plugins\org.eclipse.m2e.maven.runtime_3.8.701.20230209-1606\jars\maven-resolver-provider-3.8.7.jar
2023-04-12 17:26:56,852 [Worker-13: Launching mavenrun-93acf26c-7469-4f5e-af89-0a88b31d7cb3] INFO  o.eclipse.m2e.core.internal.Bundles - 	Entry: C:\Users\Guru\.p2\pool\plugins\org.eclipse.m2e.maven.runtime_3.8.701.20230209-1606\jars\maven-resolver-spi-1.6.3.jar
2023-04-12 17:26:56,852 [Worker-13: Launching mavenrun-93acf26c-7469-4f5e-af89-0a88b31d7cb3] INFO  o.eclipse.m2e.core.internal.Bundles - 	Entry: C:\Users\Guru\.p2\pool\plugins\org.eclipse.m2e.maven.runtime_3.8.701.20230209-1606\jars\maven-resolver-transport-wagon-1.6.3.jar
2023-04-12 17:26:56,852 [Worker-13: Launching mavenrun-93acf26c-7469-4f5e-af89-0a88b31d7cb3] INFO  o.eclipse.m2e.core.internal.Bundles - 	Entry: C:\Users\Guru\.p2\pool\plugins\org.eclipse.m2e.maven.runtime_3.8.701.20230209-1606\jars\maven-resolver-util-1.6.3.jar
2023-04-12 17:26:56,853 [Worker-13: Launching mavenrun-93acf26c-7469-4f5e-af89-0a88b31d7cb3] INFO  o.eclipse.m2e.core.internal.Bundles - 	Entry: C:\Users\Guru\.p2\pool\plugins\org.eclipse.m2e.maven.runtime_3.8.701.20230209-1606\jars\maven-settings-3.8.7.jar
2023-04-12 17:26:56,853 [Worker-13: Launching mavenrun-93acf26c-7469-4f5e-af89-0a88b31d7cb3] INFO  o.eclipse.m2e.core.internal.Bundles - 	Entry: C:\Users\Guru\.p2\pool\plugins\org.eclipse.m2e.maven.runtime_3.8.701.20230209-1606\jars\maven-settings-builder-3.8.7.jar
2023-04-12 17:26:56,854 [Worker-13: Launching mavenrun-93acf26c-7469-4f5e-af89-0a88b31d7cb3] INFO  o.eclipse.m2e.core.internal.Bundles - 	Entry: C:\Users\Guru\.p2\pool\plugins\org.eclipse.m2e.maven.runtime_3.8.701.20230209-1606\jars\maven-shared-utils-3.3.4.jar
2023-04-12 17:26:56,854 [Worker-13: Launching mavenrun-93acf26c-7469-4f5e-af89-0a88b31d7cb3] INFO  o.eclipse.m2e.core.internal.Bundles - 	Entry: C:\Users\Guru\.p2\pool\plugins\org.eclipse.m2e.maven.runtime_3.8.701.20230209-1606\jars\okhttp-3.14.1.jar
2023-04-12 17:26:56,855 [Worker-13: Launching mavenrun-93acf26c-7469-4f5e-af89-0a88b31d7cb3] INFO  o.eclipse.m2e.core.internal.Bundles - 	Entry: C:\Users\Guru\.p2\pool\plugins\org.eclipse.m2e.maven.runtime_3.8.701.20230209-1606\jars\okio-1.17.3.jar
2023-04-12 17:26:56,855 [Worker-13: Launching mavenrun-93acf26c-7469-4f5e-af89-0a88b31d7cb3] INFO  o.eclipse.m2e.core.internal.Bundles - 	Entry: C:\Users\Guru\.p2\pool\plugins\org.eclipse.m2e.maven.runtime_3.8.701.20230209-1606\jars\org.eclipse.sisu.inject-0.3.5.jar
2023-04-12 17:26:56,856 [Worker-13: Launching mavenrun-93acf26c-7469-4f5e-af89-0a88b31d7cb3] INFO  o.eclipse.m2e.core.internal.Bundles - 	Entry: C:\Users\Guru\.p2\pool\plugins\org.eclipse.m2e.maven.runtime_3.8.701.20230209-1606\jars\org.eclipse.sisu.plexus-0.3.5.jar
2023-04-12 17:26:56,856 [Worker-13: Launching mavenrun-93acf26c-7469-4f5e-af89-0a88b31d7cb3] INFO  o.eclipse.m2e.core.internal.Bundles - 	Entry: C:\Users\Guru\.p2\pool\plugins\org.eclipse.m2e.maven.runtime_3.8.701.20230209-1606\jars\plexus-build-api-0.0.7.jar
2023-04-12 17:26:56,857 [Worker-13: Launching mavenrun-93acf26c-7469-4f5e-af89-0a88b31d7cb3] INFO  o.eclipse.m2e.core.internal.Bundles - 	Entry: C:\Users\Guru\.p2\pool\plugins\org.eclipse.m2e.maven.runtime_3.8.701.20230209-1606\jars\plexus-cipher-2.0.jar
2023-04-12 17:26:56,857 [Worker-13: Launching mavenrun-93acf26c-7469-4f5e-af89-0a88b31d7cb3] INFO  o.eclipse.m2e.core.internal.Bundles - 	Entry: C:\Users\Guru\.p2\pool\plugins\org.eclipse.m2e.maven.runtime_3.8.701.20230209-1606\jars\plexus-classworlds-2.6.0.jar
2023-04-12 17:26:56,858 [Worker-13: Launching mavenrun-93acf26c-7469-4f5e-af89-0a88b31d7cb3] INFO  o.eclipse.m2e.core.internal.Bundles - 	Entry: C:\Users\Guru\.p2\pool\plugins\org.eclipse.m2e.maven.runtime_3.8.701.20230209-1606\jars\plexus-component-annotations-2.1.0.jar
2023-04-12 17:26:56,858 [Worker-13: Launching mavenrun-93acf26c-7469-4f5e-af89-0a88b31d7cb3] INFO  o.eclipse.m2e.core.internal.Bundles - 	Entry: C:\Users\Guru\.p2\pool\plugins\org.eclipse.m2e.maven.runtime_3.8.701.20230209-1606\jars\plexus-interpolation-1.26.jar
2023-04-12 17:26:56,859 [Worker-13: Launching mavenrun-93acf26c-7469-4f5e-af89-0a88b31d7cb3] INFO  o.eclipse.m2e.core.internal.Bundles - 	Entry: C:\Users\Guru\.p2\pool\plugins\org.eclipse.m2e.maven.runtime_3.8.701.20230209-1606\jars\plexus-sec-dispatcher-2.0.jar
2023-04-12 17:26:56,859 [Worker-13: Launching mavenrun-93acf26c-7469-4f5e-af89-0a88b31d7cb3] INFO  o.eclipse.m2e.core.internal.Bundles - 	Entry: C:\Users\Guru\.p2\pool\plugins\org.eclipse.m2e.maven.runtime_3.8.701.20230209-1606\jars\plexus-utils-3.3.1.jar
2023-04-12 17:26:56,860 [Worker-13: Launching mavenrun-93acf26c-7469-4f5e-af89-0a88b31d7cb3] INFO  o.eclipse.m2e.core.internal.Bundles - 	Entry: C:\Users\Guru\.p2\pool\plugins\org.eclipse.m2e.maven.runtime_3.8.701.20230209-1606\jars\wagon-file-3.5.3.jar
2023-04-12 17:26:56,860 [Worker-13: Launching mavenrun-93acf26c-7469-4f5e-af89-0a88b31d7cb3] INFO  o.eclipse.m2e.core.internal.Bundles - 	Entry: C:\Users\Guru\.p2\pool\plugins\org.eclipse.m2e.maven.runtime_3.8.701.20230209-1606\jars\wagon-provider-api-3.5.3.jar
2023-04-12 17:26:56,868 [Worker-13: Launching mavenrun-93acf26c-7469-4f5e-af89-0a88b31d7cb3] INFO  o.eclipse.m2e.core.internal.Bundles - getClasspathEntries(Bundle=com.google.guava_31.1.0.jre [11])
2023-04-12 17:26:56,869 [Worker-13: Launching mavenrun-93acf26c-7469-4f5e-af89-0a88b31d7cb3] INFO  o.eclipse.m2e.core.internal.Bundles - 	Entry: C:\Users\Guru\.p2\pool\plugins\com.google.guava_31.1.0.jre.jar
2023-04-12 17:26:56,869 [Worker-13: Launching mavenrun-93acf26c-7469-4f5e-af89-0a88b31d7cb3] INFO  o.eclipse.m2e.core.internal.Bundles - getClasspathEntries(Bundle=slf4j.api_1.7.36 [923])
2023-04-12 17:26:56,871 [Worker-13: Launching mavenrun-93acf26c-7469-4f5e-af89-0a88b31d7cb3] INFO  o.eclipse.m2e.core.internal.Bundles - 	Entry: C:\Users\Guru\.p2\pool\plugins\slf4j.api_1.7.36.jar
2023-04-12 17:26:56,871 [Worker-13: Launching mavenrun-93acf26c-7469-4f5e-af89-0a88b31d7cb3] INFO  o.eclipse.m2e.core.internal.Bundles - getClasspathEntries(Bundle=javax.inject_1.0.0.v20220405-0441 [35])
2023-04-12 17:26:56,874 [Worker-13: Launching mavenrun-93acf26c-7469-4f5e-af89-0a88b31d7cb3] INFO  o.eclipse.m2e.core.internal.Bundles - 	Entry: C:\Users\Guru\.p2\pool\plugins\javax.inject_1.0.0.v20220405-0441.jar
2023-04-12 17:26:56,874 [Worker-13: Launching mavenrun-93acf26c-7469-4f5e-af89-0a88b31d7cb3] INFO  o.eclipse.m2e.core.internal.Bundles - getClasspathEntries(Bundle=javax.annotation_1.3.5.v20221203-1659 [33])
2023-04-12 17:26:56,876 [Worker-13: Launching mavenrun-93acf26c-7469-4f5e-af89-0a88b31d7cb3] INFO  o.eclipse.m2e.core.internal.Bundles - 	Entry: C:\Users\Guru\.p2\pool\plugins\javax.annotation_1.3.5.v20221203-1659.jar
2023-04-12 17:26:56,876 [Worker-13: Launching mavenrun-93acf26c-7469-4f5e-af89-0a88b31d7cb3] INFO  o.eclipse.m2e.core.internal.Bundles - getClasspathEntries(Bundle=org.apache.commons.cli_1.4.0.v20221112-0806 [67])
2023-04-12 17:26:56,878 [Worker-13: Launching mavenrun-93acf26c-7469-4f5e-af89-0a88b31d7cb3] INFO  o.eclipse.m2e.core.internal.Bundles - 	Entry: C:\Users\Guru\.p2\pool\plugins\org.apache.commons.cli_1.4.0.v20221112-0806.jar
2023-04-12 17:26:56,878 [Worker-13: Launching mavenrun-93acf26c-7469-4f5e-af89-0a88b31d7cb3] INFO  o.eclipse.m2e.core.internal.Bundles - getClasspathEntries(Bundle=com.google.guava.failureaccess_1.0.1 [13])
2023-04-12 17:26:56,880 [Worker-13: Launching mavenrun-93acf26c-7469-4f5e-af89-0a88b31d7cb3] INFO  o.eclipse.m2e.core.internal.Bundles - 	Entry: C:\Users\Guru\.p2\pool\plugins\com.google.guava.failureaccess_1.0.1.jar
2023-04-12 17:26:56,896 [Worker-13: Launching mavenrun-93acf26c-7469-4f5e-af89-0a88b31d7cb3] INFO  o.e.m.i.launch.MavenLaunchDelegate - Run build in "C:\Users\Guru\AppData\Local\Temp\m2e-archetypeGenerator2942805464488027115":
2023-04-12 17:26:56,902 [Worker-13: Launching mavenrun-93acf26c-7469-4f5e-af89-0a88b31d7cb3] INFO  o.e.m.i.launch.MavenLaunchDelegate -  mvn  -DarchetypeGroupId=org.apache.maven.archetypes -DarchetypeArtifactId=maven-archetype-webapp -DarchetypeVersion=1.4 -DgroupId=com.servelets1 -DartifactId=servleets1 -Dversion=0.0.1-SNAPSHOT -Dpackage=com.servelets1.servleets1 -DoutputDirectory=C:\Users\Guru\eclipse-workspace\.metadata -Dstyle.color=always -U archetype:generate
2023-04-12 17:27:26,282 [Worker-8: Creating maven-archetype-webapp] INFO  o.e.m.c.i.p.ProjectConfigurationManager - Collecting project info '/pom.xml' C:\Users\Guru\eclipse-workspace\.metadata\servleets1\pom.xml
2023-04-12 17:27:27,571 [Worker-8: Creating maven-archetype-webapp] INFO  o.e.m.c.i.l.LifecycleMappingFactory - Using org.maven.ide.eclipse.wtp.WarLifecycleMapping lifecycle mapping for MavenProject: com.servelets1:servleets1:0.0.1-SNAPSHOT @ C:\Users\Guru\eclipse-workspace\.metadata\servleets1\pom.xml.
2023-04-12 17:27:28,303 [Worker-8: Creating maven-archetype-webapp] INFO  o.e.m.c.i.e.AbstractTransferListenerAdapter - Downloading https://repo.maven.apache.org/maven2/org/apache/maven/plugins/maven-surefire-plugin/2.22.1/maven-surefire-plugin-2.22.1.pom
2023-04-12 17:27:28,428 [Worker-8: Creating maven-archetype-webapp] INFO  o.e.m.c.i.e.AbstractTransferListenerAdapter - Downloaded https://repo.maven.apache.org/maven2/org/apache/maven/plugins/maven-surefire-plugin/2.22.1/maven-surefire-plugin-2.22.1.pom
2023-04-12 17:27:28,488 [Worker-8: Creating maven-archetype-webapp] INFO  o.e.m.c.i.e.AbstractTransferListenerAdapter - Downloading https://repo.maven.apache.org/maven2/org/apache/maven/surefire/surefire/2.22.1/surefire-2.22.1.pom
2023-04-12 17:27:28,594 [Worker-8: Creating maven-archetype-webapp] INFO  o.e.m.c.i.e.AbstractTransferListenerAdapter - Downloaded https://repo.maven.apache.org/maven2/org/apache/maven/surefire/surefire/2.22.1/surefire-2.22.1.pom
2023-04-12 17:27:28,680 [Worker-8: Creating maven-archetype-webapp] INFO  o.e.m.c.i.e.AbstractTransferListenerAdapter - Downloading https://repo.maven.apache.org/maven2/org/apache/maven/plugins/maven-war-plugin/3.2.2/maven-war-plugin-3.2.2.pom
2023-04-12 17:27:28,759 [Worker-8: Creating maven-archetype-webapp] INFO  o.e.m.c.i.e.AbstractTransferListenerAdapter - Downloaded https://repo.maven.apache.org/maven2/org/apache/maven/plugins/maven-war-plugin/3.2.2/maven-war-plugin-3.2.2.pom
2023-04-12 17:27:28,823 [Worker-8: Creating maven-archetype-webapp] INFO  o.e.m.c.i.e.AbstractTransferListenerAdapter - Downloading https://repo.maven.apache.org/maven2/org/apache/maven/plugins/maven-plugins/31/maven-plugins-31.pom
2023-04-12 17:27:28,895 [Worker-8: Creating maven-archetype-webapp] INFO  o.e.m.c.i.e.AbstractTransferListenerAdapter - Downloaded https://repo.maven.apache.org/maven2/org/apache/maven/plugins/maven-plugins/31/maven-plugins-31.pom
2023-04-12 17:27:28,997 [Worker-8: Creating maven-archetype-webapp] INFO  o.e.m.c.i.e.AbstractTransferListenerAdapter - Downloading https://repo.maven.apache.org/maven2/org/apache/maven/maven-archiver/3.2.0/maven-archiver-3.2.0.pom
2023-04-12 17:27:29,094 [Worker-8: Creating maven-archetype-webapp] INFO  o.e.m.c.i.e.AbstractTransferListenerAdapter - Downloaded https://repo.maven.apache.org/maven2/org/apache/maven/maven-archiver/3.2.0/maven-archiver-3.2.0.pom
2023-04-12 17:27:29,181 [Worker-8: Creating maven-archetype-webapp] INFO  o.e.m.c.i.e.AbstractTransferListenerAdapter - Downloading https://repo.maven.apache.org/maven2/org/apache/maven/shared/maven-shared-utils/3.2.0/maven-shared-utils-3.2.0.pom
2023-04-12 17:27:29,270 [Worker-8: Creating maven-archetype-webapp] INFO  o.e.m.c.i.e.AbstractTransferListenerAdapter - Downloaded https://repo.maven.apache.org/maven2/org/apache/maven/shared/maven-shared-utils/3.2.0/maven-shared-utils-3.2.0.pom
2023-04-12 17:27:29,341 [Worker-8: Creating maven-archetype-webapp] INFO  o.e.m.c.i.e.AbstractTransferListenerAdapter - Downloading https://repo.maven.apache.org/maven2/org/codehaus/plexus/plexus-archiver/3.5/plexus-archiver-3.5.pom
2023-04-12 17:27:29,434 [Worker-8: Creating maven-archetype-webapp] INFO  o.e.m.c.i.e.AbstractTransferListenerAdapter - Downloaded https://repo.maven.apache.org/maven2/org/codehaus/plexus/plexus-archiver/3.5/plexus-archiver-3.5.pom
2023-04-12 17:27:29,514 [Worker-8: Creating maven-archetype-webapp] INFO  o.e.m.c.i.e.AbstractTransferListenerAdapter - Downloading https://repo.maven.apache.org/maven2/org/codehaus/plexus/plexus/5.0/plexus-5.0.pom
2023-04-12 17:27:29,625 [Worker-8: Creating maven-archetype-webapp] INFO  o.e.m.c.i.e.AbstractTransferListenerAdapter - Downloaded https://repo.maven.apache.org/maven2/org/codehaus/plexus/plexus/5.0/plexus-5.0.pom
2023-04-12 17:27:29,694 [Worker-8: Creating maven-archetype-webapp] INFO  o.e.m.c.i.e.AbstractTransferListenerAdapter - Downloading https://repo.maven.apache.org/maven2/org/codehaus/plexus/plexus-io/3.0.0/plexus-io-3.0.0.pom
2023-04-12 17:27:29,796 [Worker-8: Creating maven-archetype-webapp] INFO  o.e.m.c.i.e.AbstractTransferListenerAdapter - Downloaded https://repo.maven.apache.org/maven2/org/codehaus/plexus/plexus-io/3.0.0/plexus-io-3.0.0.pom
2023-04-12 17:27:29,886 [Worker-8: Creating maven-archetype-webapp] INFO  o.e.m.c.i.e.AbstractTransferListenerAdapter - Downloading https://repo.maven.apache.org/maven2/org/apache/commons/commons-compress/1.14/commons-compress-1.14.pom
2023-04-12 17:27:29,976 [Worker-8: Creating maven-archetype-webapp] INFO  o.e.m.c.i.e.AbstractTransferListenerAdapter - Downloaded https://repo.maven.apache.org/maven2/org/apache/commons/commons-compress/1.14/commons-compress-1.14.pom
2023-04-12 17:27:30,052 [Worker-8: Creating maven-archetype-webapp] INFO  o.e.m.c.i.e.AbstractTransferListenerAdapter - Downloading https://repo.maven.apache.org/maven2/org/tukaani/xz/1.6/xz-1.6.pom
2023-04-12 17:27:30,136 [Worker-8: Creating maven-archetype-webapp] INFO  o.e.m.c.i.e.AbstractTransferListenerAdapter - Downloaded https://repo.maven.apache.org/maven2/org/tukaani/xz/1.6/xz-1.6.pom
2023-04-12 17:27:30,230 [Worker-8: Creating maven-archetype-webapp] INFO  o.e.m.c.i.e.AbstractTransferListenerAdapter - Downloading https://repo.maven.apache.org/maven2/org/codehaus/plexus/plexus-archiver/3.6.0/plexus-archiver-3.6.0.pom
2023-04-12 17:27:30,322 [Worker-8: Creating maven-archetype-webapp] INFO  o.e.m.c.i.e.AbstractTransferListenerAdapter - Downloaded https://repo.maven.apache.org/maven2/org/codehaus/plexus/plexus-archiver/3.6.0/plexus-archiver-3.6.0.pom
2023-04-12 17:27:30,416 [Worker-8: Creating maven-archetype-webapp] INFO  o.e.m.c.i.e.AbstractTransferListenerAdapter - Downloading https://repo.maven.apache.org/maven2/org/codehaus/plexus/plexus-utils/3.1.0/plexus-utils-3.1.0.pom
2023-04-12 17:27:30,509 [Worker-8: Creating maven-archetype-webapp] INFO  o.e.m.c.i.e.AbstractTransferListenerAdapter - Downloaded https://repo.maven.apache.org/maven2/org/codehaus/plexus/plexus-utils/3.1.0/plexus-utils-3.1.0.pom
2023-04-12 17:27:30,628 [Worker-8: Creating maven-archetype-webapp] INFO  o.e.m.c.i.e.AbstractTransferListenerAdapter - Downloading https://repo.maven.apache.org/maven2/org/codehaus/plexus/plexus-io/3.0.1/plexus-io-3.0.1.pom
2023-04-12 17:27:30,712 [Worker-8: Creating maven-archetype-webapp] INFO  o.e.m.c.i.e.AbstractTransferListenerAdapter - Downloaded https://repo.maven.apache.org/maven2/org/codehaus/plexus/plexus-io/3.0.1/plexus-io-3.0.1.pom
2023-04-12 17:27:30,800 [Worker-8: Creating maven-archetype-webapp] INFO  o.e.m.c.i.e.AbstractTransferListenerAdapter - Downloading https://repo.maven.apache.org/maven2/org/apache/commons/commons-compress/1.16.1/commons-compress-1.16.1.pom
2023-04-12 17:27:30,892 [Worker-8: Creating maven-archetype-webapp] INFO  o.e.m.c.i.e.AbstractTransferListenerAdapter - Downloaded https://repo.maven.apache.org/maven2/org/apache/commons/commons-compress/1.16.1/commons-compress-1.16.1.pom
2023-04-12 17:27:30,945 [Worker-8: Creating maven-archetype-webapp] INFO  o.e.m.c.i.e.AbstractTransferListenerAdapter - Downloading https://repo.maven.apache.org/maven2/org/apache/commons/commons-parent/43/commons-parent-43.pom
2023-04-12 17:27:31,114 [Worker-8: Creating maven-archetype-webapp] INFO  o.e.m.c.i.e.AbstractTransferListenerAdapter - Downloaded https://repo.maven.apache.org/maven2/org/apache/commons/commons-parent/43/commons-parent-43.pom
2023-04-12 17:27:31,184 [Worker-8: Creating maven-archetype-webapp] INFO  o.e.m.c.i.e.AbstractTransferListenerAdapter - Downloading https://repo.maven.apache.org/maven2/org/objenesis/objenesis/2.6/objenesis-2.6.pom
2023-04-12 17:27:31,276 [Worker-8: Creating maven-archetype-webapp] INFO  o.e.m.c.i.e.AbstractTransferListenerAdapter - Downloaded https://repo.maven.apache.org/maven2/org/objenesis/objenesis/2.6/objenesis-2.6.pom
2023-04-12 17:27:31,344 [Worker-8: Creating maven-archetype-webapp] INFO  o.e.m.c.i.e.AbstractTransferListenerAdapter - Downloading https://repo.maven.apache.org/maven2/org/objenesis/objenesis-parent/2.6/objenesis-parent-2.6.pom
2023-04-12 17:27:31,476 [Worker-8: Creating maven-archetype-webapp] INFO  o.e.m.c.i.e.AbstractTransferListenerAdapter - Downloaded https://repo.maven.apache.org/maven2/org/objenesis/objenesis-parent/2.6/objenesis-parent-2.6.pom
2023-04-12 17:27:31,544 [Worker-8: Creating maven-archetype-webapp] INFO  o.e.m.c.i.e.AbstractTransferListenerAdapter - Downloading https://repo.maven.apache.org/maven2/org/codehaus/plexus/plexus-interpolation/1.25/plexus-interpolation-1.25.pom
2023-04-12 17:27:31,660 [Worker-8: Creating maven-archetype-webapp] INFO  o.e.m.c.i.e.AbstractTransferListenerAdapter - Downloaded https://repo.maven.apache.org/maven2/org/codehaus/plexus/plexus-interpolation/1.25/plexus-interpolation-1.25.pom
2023-04-12 17:27:31,723 [Worker-8: Creating maven-archetype-webapp] INFO  o.e.m.c.i.e.AbstractTransferListenerAdapter - Downloading https://repo.maven.apache.org/maven2/com/thoughtworks/xstream/xstream/1.4.10/xstream-1.4.10.pom
2023-04-12 17:27:31,810 [Worker-8: Creating maven-archetype-webapp] INFO  o.e.m.c.i.e.AbstractTransferListenerAdapter - Downloaded https://repo.maven.apache.org/maven2/com/thoughtworks/xstream/xstream/1.4.10/xstream-1.4.10.pom
2023-04-12 17:27:31,908 [Worker-8: Creating maven-archetype-webapp] INFO  o.e.m.c.i.e.AbstractTransferListenerAdapter - Downloading https://repo.maven.apache.org/maven2/com/thoughtworks/xstream/xstream-parent/1.4.10/xstream-parent-1.4.10.pom
2023-04-12 17:27:32,235 [Worker-8: Creating maven-archetype-webapp] INFO  o.e.m.c.i.e.AbstractTransferListenerAdapter - Downloaded https://repo.maven.apache.org/maven2/com/thoughtworks/xstream/xstream-parent/1.4.10/xstream-parent-1.4.10.pom
2023-04-12 17:27:32,308 [Worker-8: Creating maven-archetype-webapp] INFO  o.e.m.c.i.e.AbstractTransferListenerAdapter - Downloading https://repo.maven.apache.org/maven2/xmlpull/xmlpull/1.1.3.1/xmlpull-1.1.3.1.pom
2023-04-12 17:27:32,397 [Worker-8: Creating maven-archetype-webapp] INFO  o.e.m.c.i.e.AbstractTransferListenerAdapter - Downloaded https://repo.maven.apache.org/maven2/xmlpull/xmlpull/1.1.3.1/xmlpull-1.1.3.1.pom
2023-04-12 17:27:32,470 [Worker-8: Creating maven-archetype-webapp] INFO  o.e.m.c.i.e.AbstractTransferListenerAdapter - Downloading https://repo.maven.apache.org/maven2/xpp3/xpp3_min/1.1.4c/xpp3_min-1.1.4c.pom
2023-04-12 17:27:32,565 [Worker-8: Creating maven-archetype-webapp] INFO  o.e.m.c.i.e.AbstractTransferListenerAdapter - Downloaded https://repo.maven.apache.org/maven2/xpp3/xpp3_min/1.1.4c/xpp3_min-1.1.4c.pom
2023-04-12 17:27:32,693 [Worker-8: Creating maven-archetype-webapp] INFO  o.e.m.c.i.e.AbstractTransferListenerAdapter - Downloading https://repo.maven.apache.org/maven2/org/apache/maven/shared/maven-mapping/3.0.0/maven-mapping-3.0.0.pom
2023-04-12 17:27:32,785 [Worker-8: Creating maven-archetype-webapp] INFO  o.e.m.c.i.e.AbstractTransferListenerAdapter - Downloaded https://repo.maven.apache.org/maven2/org/apache/maven/shared/maven-mapping/3.0.0/maven-mapping-3.0.0.pom
2023-04-12 17:27:32,853 [Worker-8: Creating maven-archetype-webapp] INFO  o.e.m.c.i.e.AbstractTransferListenerAdapter - Downloading https://repo.maven.apache.org/maven2/org/apache/maven/shared/maven-shared-components/22/maven-shared-components-22.pom
2023-04-12 17:27:32,937 [Worker-8: Creating maven-archetype-webapp] INFO  o.e.m.c.i.e.AbstractTransferListenerAdapter - Downloaded https://repo.maven.apache.org/maven2/org/apache/maven/shared/maven-shared-components/22/maven-shared-components-22.pom
2023-04-12 17:27:33,006 [Worker-8: Creating maven-archetype-webapp] INFO  o.e.m.c.i.e.AbstractTransferListenerAdapter - Downloading https://repo.maven.apache.org/maven2/org/codehaus/plexus/plexus-interpolation/1.21/plexus-interpolation-1.21.pom
2023-04-12 17:27:33,087 [Worker-8: Creating maven-archetype-webapp] INFO  o.e.m.c.i.e.AbstractTransferListenerAdapter - Downloaded https://repo.maven.apache.org/maven2/org/codehaus/plexus/plexus-interpolation/1.21/plexus-interpolation-1.21.pom
2023-04-12 17:27:33,186 [AetherRepositoryConnector-repo.maven.apache.org-0-0] INFO  o.e.m.c.i.e.AbstractTransferListenerAdapter - Downloading https://repo.maven.apache.org/maven2/org/apache/maven/maven-archiver/3.2.0/maven-archiver-3.2.0.jar
2023-04-12 17:27:33,244 [AetherRepositoryConnector-repo.maven.apache.org-0-2] INFO  o.e.m.c.i.e.AbstractTransferListenerAdapter - Downloading https://repo.maven.apache.org/maven2/org/codehaus/plexus/plexus-archiver/3.6.0/plexus-archiver-3.6.0.jar
2023-04-12 17:27:33,244 [AetherRepositoryConnector-repo.maven.apache.org-0-3] INFO  o.e.m.c.i.e.AbstractTransferListenerAdapter - Downloading https://repo.maven.apache.org/maven2/org/codehaus/plexus/plexus-io/3.0.1/plexus-io-3.0.1.jar
2023-04-12 17:27:33,271 [AetherRepositoryConnector-repo.maven.apache.org-0-1] INFO  o.e.m.c.i.e.AbstractTransferListenerAdapter - Downloading https://repo.maven.apache.org/maven2/org/apache/maven/shared/maven-shared-utils/3.2.0/maven-shared-utils-3.2.0.jar
2023-04-12 17:27:33,271 [AetherRepositoryConnector-repo.maven.apache.org-0-4] INFO  o.e.m.c.i.e.AbstractTransferListenerAdapter - Downloading https://repo.maven.apache.org/maven2/org/apache/commons/commons-compress/1.16.1/commons-compress-1.16.1.jar
2023-04-12 17:27:33,418 [AetherRepositoryConnector-repo.maven.apache.org-0-0] INFO  o.e.m.c.i.e.AbstractTransferListenerAdapter - Downloaded https://repo.maven.apache.org/maven2/org/apache/maven/maven-archiver/3.2.0/maven-archiver-3.2.0.jar
2023-04-12 17:27:33,670 [AetherRepositoryConnector-repo.maven.apache.org-0-0] INFO  o.e.m.c.i.e.AbstractTransferListenerAdapter - Downloading https://repo.maven.apache.org/maven2/org/objenesis/objenesis/2.6/objenesis-2.6.jar
2023-04-12 17:27:33,951 [AetherRepositoryConnector-repo.maven.apache.org-0-3] INFO  o.e.m.c.i.e.AbstractTransferListenerAdapter - Downloaded https://repo.maven.apache.org/maven2/org/codehaus/plexus/plexus-io/3.0.1/plexus-io-3.0.1.jar
2023-04-12 17:27:34,270 [AetherRepositoryConnector-repo.maven.apache.org-0-3] INFO  o.e.m.c.i.e.AbstractTransferListenerAdapter - Downloading https://repo.maven.apache.org/maven2/org/codehaus/plexus/plexus-interpolation/1.25/plexus-interpolation-1.25.jar
2023-04-12 17:27:34,286 [AetherRepositoryConnector-repo.maven.apache.org-0-2] INFO  o.e.m.c.i.e.AbstractTransferListenerAdapter - Downloaded https://repo.maven.apache.org/maven2/org/codehaus/plexus/plexus-archiver/3.6.0/plexus-archiver-3.6.0.jar
2023-04-12 17:27:34,286 [AetherRepositoryConnector-repo.maven.apache.org-0-0] INFO  o.e.m.c.i.e.AbstractTransferListenerAdapter - Downloaded https://repo.maven.apache.org/maven2/org/objenesis/objenesis/2.6/objenesis-2.6.jar
2023-04-12 17:27:34,487 [AetherRepositoryConnector-repo.maven.apache.org-0-1] INFO  o.e.m.c.i.e.AbstractTransferListenerAdapter - Downloaded https://repo.maven.apache.org/maven2/org/apache/maven/shared/maven-shared-utils/3.2.0/maven-shared-utils-3.2.0.jar
2023-04-12 17:27:34,746 [AetherRepositoryConnector-repo.maven.apache.org-0-2] INFO  o.e.m.c.i.e.AbstractTransferListenerAdapter - Downloading https://repo.maven.apache.org/maven2/xmlpull/xmlpull/1.1.3.1/xmlpull-1.1.3.1.jar
2023-04-12 17:27:34,746 [AetherRepositoryConnector-repo.maven.apache.org-0-0] INFO  o.e.m.c.i.e.AbstractTransferListenerAdapter - Downloading https://repo.maven.apache.org/maven2/com/thoughtworks/xstream/xstream/1.4.10/xstream-1.4.10.jar
2023-04-12 17:27:34,862 [AetherRepositoryConnector-repo.maven.apache.org-0-1] INFO  o.e.m.c.i.e.AbstractTransferListenerAdapter - Downloading https://repo.maven.apache.org/maven2/xpp3/xpp3_min/1.1.4c/xpp3_min-1.1.4c.jar
2023-04-12 17:27:35,055 [AetherRepositoryConnector-repo.maven.apache.org-0-3] INFO  o.e.m.c.i.e.AbstractTransferListenerAdapter - Downloaded https://repo.maven.apache.org/maven2/org/codehaus/plexus/plexus-interpolation/1.25/plexus-interpolation-1.25.jar
2023-04-12 17:27:35,174 [AetherRepositoryConnector-repo.maven.apache.org-0-4] INFO  o.e.m.c.i.e.AbstractTransferListenerAdapter - Downloaded https://repo.maven.apache.org/maven2/org/apache/commons/commons-compress/1.16.1/commons-compress-1.16.1.jar
2023-04-12 17:27:35,174 [AetherRepositoryConnector-repo.maven.apache.org-0-2] INFO  o.e.m.c.i.e.AbstractTransferListenerAdapter - Downloaded https://repo.maven.apache.org/maven2/xmlpull/xmlpull/1.1.3.1/xmlpull-1.1.3.1.jar
2023-04-12 17:27:35,243 [AetherRepositoryConnector-repo.maven.apache.org-0-1] INFO  o.e.m.c.i.e.AbstractTransferListenerAdapter - Downloaded https://repo.maven.apache.org/maven2/xpp3/xpp3_min/1.1.4c/xpp3_min-1.1.4c.jar
2023-04-12 17:27:35,414 [AetherRepositoryConnector-repo.maven.apache.org-0-3] INFO  o.e.m.c.i.e.AbstractTransferListenerAdapter - Downloading https://repo.maven.apache.org/maven2/org/codehaus/plexus/plexus-utils/3.1.0/plexus-utils-3.1.0.jar
2023-04-12 17:27:35,522 [AetherRepositoryConnector-repo.maven.apache.org-0-2] INFO  o.e.m.c.i.e.AbstractTransferListenerAdapter - Downloading https://repo.maven.apache.org/maven2/org/apache/maven/shared/maven-mapping/3.0.0/maven-mapping-3.0.0.jar
2023-04-12 17:27:36,226 [AetherRepositoryConnector-repo.maven.apache.org-0-0] INFO  o.e.m.c.i.e.AbstractTransferListenerAdapter - Downloaded https://repo.maven.apache.org/maven2/com/thoughtworks/xstream/xstream/1.4.10/xstream-1.4.10.jar
2023-04-12 17:27:36,226 [AetherRepositoryConnector-repo.maven.apache.org-0-2] INFO  o.e.m.c.i.e.AbstractTransferListenerAdapter - Downloaded https://repo.maven.apache.org/maven2/org/apache/maven/shared/maven-mapping/3.0.0/maven-mapping-3.0.0.jar
2023-04-12 17:27:36,295 [AetherRepositoryConnector-repo.maven.apache.org-0-3] INFO  o.e.m.c.i.e.AbstractTransferListenerAdapter - Downloaded https://repo.maven.apache.org/maven2/org/codehaus/plexus/plexus-utils/3.1.0/plexus-utils-3.1.0.jar
2023-04-12 17:27:37,414 [Worker-8: Creating maven-archetype-webapp] INFO  o.e.m.j.i.AbstractJavaProjectConfigurator - Adding source folder /servleets1/src/main/java
2023-04-12 17:27:37,415 [Worker-8: Creating maven-archetype-webapp] INFO  o.e.m.j.i.AbstractJavaProjectConfigurator - Adding source folder /servleets1/src/test/java
2023-04-12 17:27:40,572 [Worker-8: Creating maven-archetype-webapp] INFO  o.e.m.c.i.e.AbstractTransferListenerAdapter - Downloading https://repo.maven.apache.org/maven2/org/apache/maven/plugins/maven-clean-plugin/3.1.0/maven-clean-plugin-3.1.0.pom
2023-04-12 17:27:40,655 [Worker-8: Creating maven-archetype-webapp] INFO  o.e.m.c.i.e.AbstractTransferListenerAdapter - Downloaded https://repo.maven.apache.org/maven2/org/apache/maven/plugins/maven-clean-plugin/3.1.0/maven-clean-plugin-3.1.0.pom
2023-04-12 17:27:40,769 [Worker-8: Creating maven-archetype-webapp] INFO  o.e.m.c.i.p.ProjectConfigurationManager - Imported and configured 1 project(s) in 14 sec
2023-04-12 17:27:41,722 [Worker-8: Building] INFO  o.e.m.c.i.embedder.EclipseLogger - Using 'UTF-8' encoding to copy filtered resources.
2023-04-12 17:27:41,723 [Worker-8: Building] INFO  o.e.m.c.i.embedder.EclipseLogger - skip non existing resourceDirectory C:\Users\Guru\eclipse-workspace\.metadata\servleets1\src\main\resources
2023-04-12 17:27:41,732 [Worker-8: Building] INFO  o.e.m.c.i.embedder.EclipseLogger - Using 'UTF-8' encoding to copy filtered resources.
2023-04-12 17:27:41,732 [Worker-8: Building] INFO  o.e.m.c.i.embedder.EclipseLogger - skip non existing resourceDirectory C:\Users\Guru\eclipse-workspace\.metadata\servleets1\src\test\resources
2023-04-12 17:28:04,809 [Worker-33: Building] INFO  o.e.m.c.i.embedder.EclipseLogger - Using 'UTF-8' encoding to copy filtered resources.
2023-04-12 17:28:04,811 [Worker-33: Building] INFO  o.e.m.c.i.embedder.EclipseLogger - skip non existing resourceDirectory C:\Users\Guru\eclipse-workspace\.metadata\servleets1\src\main\resources
2023-04-12 17:28:04,815 [Worker-33: Building] INFO  o.e.m.c.i.embedder.EclipseLogger - Using 'UTF-8' encoding to copy filtered resources.
2023-04-12 17:28:04,815 [Worker-33: Building] INFO  o.e.m.c.i.embedder.EclipseLogger - skip non existing resourceDirectory C:\Users\Guru\eclipse-workspace\.metadata\servleets1\src\test\resources
2023-04-12 17:30:38,543 [Worker-6: Loading available Gradle versions] INFO  o.e.b.c.i.u.g.PublishedGradleVersions - Gradle version information cache is up-to-date. Trying to read.
2023-04-12 17:37:13,566 [Worker-36: Launching mavenrun-dedce0de-606f-4139-9ef5-49c17486e423] INFO  o.eclipse.m2e.core.internal.Bundles - getClasspathEntries(Bundle=org.eclipse.m2e.maven.runtime_3.8.701.20230209-1606 [609])
2023-04-12 17:37:13,577 [Worker-36: Launching mavenrun-dedce0de-606f-4139-9ef5-49c17486e423] INFO  o.eclipse.m2e.core.internal.Bundles - 	Entry: C:\Users\Guru\.p2\pool\plugins\org.eclipse.m2e.maven.runtime_3.8.701.20230209-1606
2023-04-12 17:37:13,578 [Worker-36: Launching mavenrun-dedce0de-606f-4139-9ef5-49c17486e423] INFO  o.eclipse.m2e.core.internal.Bundles - 	Entry: C:\Users\Guru\.p2\pool\plugins\org.eclipse.m2e.maven.runtime_3.8.701.20230209-1606\jars\aether-connector-okhttp-0.17.8.jar
2023-04-12 17:37:13,579 [Worker-36: Launching mavenrun-dedce0de-606f-4139-9ef5-49c17486e423] INFO  o.eclipse.m2e.core.internal.Bundles - 	Entry: C:\Users\Guru\.p2\pool\plugins\org.eclipse.m2e.maven.runtime_3.8.701.20230209-1606\jars\commons-lang3-3.8.1.jar
2023-04-12 17:37:13,579 [Worker-36: Launching mavenrun-dedce0de-606f-4139-9ef5-49c17486e423] INFO  o.eclipse.m2e.core.internal.Bundles - 	Entry: C:\Users\Guru\.p2\pool\plugins\org.eclipse.m2e.maven.runtime_3.8.701.20230209-1606\jars\guice-4.2.2-no_aop.jar
2023-04-12 17:37:13,579 [Worker-36: Launching mavenrun-dedce0de-606f-4139-9ef5-49c17486e423] INFO  o.eclipse.m2e.core.internal.Bundles - 	Entry: C:\Users\Guru\.p2\pool\plugins\org.eclipse.m2e.maven.runtime_3.8.701.20230209-1606\jars\jansi-2.4.0.jar
2023-04-12 17:37:13,580 [Worker-36: Launching mavenrun-dedce0de-606f-4139-9ef5-49c17486e423] INFO  o.eclipse.m2e.core.internal.Bundles - 	Entry: C:\Users\Guru\.p2\pool\plugins\org.eclipse.m2e.maven.runtime_3.8.701.20230209-1606\jars\maven-artifact-3.8.7.jar
2023-04-12 17:37:13,580 [Worker-36: Launching mavenrun-dedce0de-606f-4139-9ef5-49c17486e423] INFO  o.eclipse.m2e.core.internal.Bundles - 	Entry: C:\Users\Guru\.p2\pool\plugins\org.eclipse.m2e.maven.runtime_3.8.701.20230209-1606\jars\maven-builder-support-3.8.7.jar
2023-04-12 17:37:13,580 [Worker-36: Launching mavenrun-dedce0de-606f-4139-9ef5-49c17486e423] INFO  o.eclipse.m2e.core.internal.Bundles - 	Entry: C:\Users\Guru\.p2\pool\plugins\org.eclipse.m2e.maven.runtime_3.8.701.20230209-1606\jars\maven-compat-3.8.7.jar
2023-04-12 17:37:13,582 [Worker-36: Launching mavenrun-dedce0de-606f-4139-9ef5-49c17486e423] INFO  o.eclipse.m2e.core.internal.Bundles - 	Entry: C:\Users\Guru\.p2\pool\plugins\org.eclipse.m2e.maven.runtime_3.8.701.20230209-1606\jars\maven-core-3.8.7.jar
2023-04-12 17:37:13,582 [Worker-36: Launching mavenrun-dedce0de-606f-4139-9ef5-49c17486e423] INFO  o.eclipse.m2e.core.internal.Bundles - 	Entry: C:\Users\Guru\.p2\pool\plugins\org.eclipse.m2e.maven.runtime_3.8.701.20230209-1606\jars\maven-embedder-3.8.7.jar
2023-04-12 17:37:13,583 [Worker-36: Launching mavenrun-dedce0de-606f-4139-9ef5-49c17486e423] INFO  o.eclipse.m2e.core.internal.Bundles - 	Entry: C:\Users\Guru\.p2\pool\plugins\org.eclipse.m2e.maven.runtime_3.8.701.20230209-1606\jars\maven-model-3.8.7.jar
2023-04-12 17:37:13,583 [Worker-36: Launching mavenrun-dedce0de-606f-4139-9ef5-49c17486e423] INFO  o.eclipse.m2e.core.internal.Bundles - 	Entry: C:\Users\Guru\.p2\pool\plugins\org.eclipse.m2e.maven.runtime_3.8.701.20230209-1606\jars\maven-model-builder-3.8.7.jar
2023-04-12 17:37:13,583 [Worker-36: Launching mavenrun-dedce0de-606f-4139-9ef5-49c17486e423] INFO  o.eclipse.m2e.core.internal.Bundles - 	Entry: C:\Users\Guru\.p2\pool\plugins\org.eclipse.m2e.maven.runtime_3.8.701.20230209-1606\jars\maven-plugin-api-3.8.7.jar
2023-04-12 17:37:13,584 [Worker-36: Launching mavenrun-dedce0de-606f-4139-9ef5-49c17486e423] INFO  o.eclipse.m2e.core.internal.Bundles - 	Entry: C:\Users\Guru\.p2\pool\plugins\org.eclipse.m2e.maven.runtime_3.8.701.20230209-1606\jars\maven-repository-metadata-3.8.7.jar
2023-04-12 17:37:13,584 [Worker-36: Launching mavenrun-dedce0de-606f-4139-9ef5-49c17486e423] INFO  o.eclipse.m2e.core.internal.Bundles - 	Entry: C:\Users\Guru\.p2\pool\plugins\org.eclipse.m2e.maven.runtime_3.8.701.20230209-1606\jars\maven-resolver-api-1.6.3.jar
2023-04-12 17:37:13,585 [Worker-36: Launching mavenrun-dedce0de-606f-4139-9ef5-49c17486e423] INFO  o.eclipse.m2e.core.internal.Bundles - 	Entry: C:\Users\Guru\.p2\pool\plugins\org.eclipse.m2e.maven.runtime_3.8.701.20230209-1606\jars\maven-resolver-connector-basic-1.6.3.jar
2023-04-12 17:37:13,585 [Worker-36: Launching mavenrun-dedce0de-606f-4139-9ef5-49c17486e423] INFO  o.eclipse.m2e.core.internal.Bundles - 	Entry: C:\Users\Guru\.p2\pool\plugins\org.eclipse.m2e.maven.runtime_3.8.701.20230209-1606\jars\maven-resolver-impl-1.6.3.jar
2023-04-12 17:37:13,585 [Worker-36: Launching mavenrun-dedce0de-606f-4139-9ef5-49c17486e423] INFO  o.eclipse.m2e.core.internal.Bundles - 	Entry: C:\Users\Guru\.p2\pool\plugins\org.eclipse.m2e.maven.runtime_3.8.701.20230209-1606\jars\maven-resolver-provider-3.8.7.jar
2023-04-12 17:37:13,585 [Worker-36: Launching mavenrun-dedce0de-606f-4139-9ef5-49c17486e423] INFO  o.eclipse.m2e.core.internal.Bundles - 	Entry: C:\Users\Guru\.p2\pool\plugins\org.eclipse.m2e.maven.runtime_3.8.701.20230209-1606\jars\maven-resolver-spi-1.6.3.jar
2023-04-12 17:37:13,585 [Worker-36: Launching mavenrun-dedce0de-606f-4139-9ef5-49c17486e423] INFO  o.eclipse.m2e.core.internal.Bundles - 	Entry: C:\Users\Guru\.p2\pool\plugins\org.eclipse.m2e.maven.runtime_3.8.701.20230209-1606\jars\maven-resolver-transport-wagon-1.6.3.jar
2023-04-12 17:37:13,586 [Worker-36: Launching mavenrun-dedce0de-606f-4139-9ef5-49c17486e423] INFO  o.eclipse.m2e.core.internal.Bundles - 	Entry: C:\Users\Guru\.p2\pool\plugins\org.eclipse.m2e.maven.runtime_3.8.701.20230209-1606\jars\maven-resolver-util-1.6.3.jar
2023-04-12 17:37:13,586 [Worker-36: Launching mavenrun-dedce0de-606f-4139-9ef5-49c17486e423] INFO  o.eclipse.m2e.core.internal.Bundles - 	Entry: C:\Users\Guru\.p2\pool\plugins\org.eclipse.m2e.maven.runtime_3.8.701.20230209-1606\jars\maven-settings-3.8.7.jar
2023-04-12 17:37:13,586 [Worker-36: Launching mavenrun-dedce0de-606f-4139-9ef5-49c17486e423] INFO  o.eclipse.m2e.core.internal.Bundles - 	Entry: C:\Users\Guru\.p2\pool\plugins\org.eclipse.m2e.maven.runtime_3.8.701.20230209-1606\jars\maven-settings-builder-3.8.7.jar
2023-04-12 17:37:13,586 [Worker-36: Launching mavenrun-dedce0de-606f-4139-9ef5-49c17486e423] INFO  o.eclipse.m2e.core.internal.Bundles - 	Entry: C:\Users\Guru\.p2\pool\plugins\org.eclipse.m2e.maven.runtime_3.8.701.20230209-1606\jars\maven-shared-utils-3.3.4.jar
2023-04-12 17:37:13,586 [Worker-36: Launching mavenrun-dedce0de-606f-4139-9ef5-49c17486e423] INFO  o.eclipse.m2e.core.internal.Bundles - 	Entry: C:\Users\Guru\.p2\pool\plugins\org.eclipse.m2e.maven.runtime_3.8.701.20230209-1606\jars\okhttp-3.14.1.jar
2023-04-12 17:37:13,588 [Worker-36: Launching mavenrun-dedce0de-606f-4139-9ef5-49c17486e423] INFO  o.eclipse.m2e.core.internal.Bundles - 	Entry: C:\Users\Guru\.p2\pool\plugins\org.eclipse.m2e.maven.runtime_3.8.701.20230209-1606\jars\okio-1.17.3.jar
2023-04-12 17:37:13,588 [Worker-36: Launching mavenrun-dedce0de-606f-4139-9ef5-49c17486e423] INFO  o.eclipse.m2e.core.internal.Bundles - 	Entry: C:\Users\Guru\.p2\pool\plugins\org.eclipse.m2e.maven.runtime_3.8.701.20230209-1606\jars\org.eclipse.sisu.inject-0.3.5.jar
2023-04-12 17:37:13,588 [Worker-36: Launching mavenrun-dedce0de-606f-4139-9ef5-49c17486e423] INFO  o.eclipse.m2e.core.internal.Bundles - 	Entry: C:\Users\Guru\.p2\pool\plugins\org.eclipse.m2e.maven.runtime_3.8.701.20230209-1606\jars\org.eclipse.sisu.plexus-0.3.5.jar
2023-04-12 17:37:13,589 [Worker-36: Launching mavenrun-dedce0de-606f-4139-9ef5-49c17486e423] INFO  o.eclipse.m2e.core.internal.Bundles - 	Entry: C:\Users\Guru\.p2\pool\plugins\org.eclipse.m2e.maven.runtime_3.8.701.20230209-1606\jars\plexus-build-api-0.0.7.jar
2023-04-12 17:37:13,589 [Worker-36: Launching mavenrun-dedce0de-606f-4139-9ef5-49c17486e423] INFO  o.eclipse.m2e.core.internal.Bundles - 	Entry: C:\Users\Guru\.p2\pool\plugins\org.eclipse.m2e.maven.runtime_3.8.701.20230209-1606\jars\plexus-cipher-2.0.jar
2023-04-12 17:37:13,590 [Worker-36: Launching mavenrun-dedce0de-606f-4139-9ef5-49c17486e423] INFO  o.eclipse.m2e.core.internal.Bundles - 	Entry: C:\Users\Guru\.p2\pool\plugins\org.eclipse.m2e.maven.runtime_3.8.701.20230209-1606\jars\plexus-classworlds-2.6.0.jar
2023-04-12 17:37:13,590 [Worker-36: Launching mavenrun-dedce0de-606f-4139-9ef5-49c17486e423] INFO  o.eclipse.m2e.core.internal.Bundles - 	Entry: C:\Users\Guru\.p2\pool\plugins\org.eclipse.m2e.maven.runtime_3.8.701.20230209-1606\jars\plexus-component-annotations-2.1.0.jar
2023-04-12 17:37:13,591 [Worker-36: Launching mavenrun-dedce0de-606f-4139-9ef5-49c17486e423] INFO  o.eclipse.m2e.core.internal.Bundles - 	Entry: C:\Users\Guru\.p2\pool\plugins\org.eclipse.m2e.maven.runtime_3.8.701.20230209-1606\jars\plexus-interpolation-1.26.jar
2023-04-12 17:37:13,591 [Worker-36: Launching mavenrun-dedce0de-606f-4139-9ef5-49c17486e423] INFO  o.eclipse.m2e.core.internal.Bundles - 	Entry: C:\Users\Guru\.p2\pool\plugins\org.eclipse.m2e.maven.runtime_3.8.701.20230209-1606\jars\plexus-sec-dispatcher-2.0.jar
2023-04-12 17:37:13,591 [Worker-36: Launching mavenrun-dedce0de-606f-4139-9ef5-49c17486e423] INFO  o.eclipse.m2e.core.internal.Bundles - 	Entry: C:\Users\Guru\.p2\pool\plugins\org.eclipse.m2e.maven.runtime_3.8.701.20230209-1606\jars\plexus-utils-3.3.1.jar
2023-04-12 17:37:13,592 [Worker-36: Launching mavenrun-dedce0de-606f-4139-9ef5-49c17486e423] INFO  o.eclipse.m2e.core.internal.Bundles - 	Entry: C:\Users\Guru\.p2\pool\plugins\org.eclipse.m2e.maven.runtime_3.8.701.20230209-1606\jars\wagon-file-3.5.3.jar
2023-04-12 17:37:13,592 [Worker-36: Launching mavenrun-dedce0de-606f-4139-9ef5-49c17486e423] INFO  o.eclipse.m2e.core.internal.Bundles - 	Entry: C:\Users\Guru\.p2\pool\plugins\org.eclipse.m2e.maven.runtime_3.8.701.20230209-1606\jars\wagon-provider-api-3.5.3.jar
2023-04-12 17:37:13,596 [Worker-36: Launching mavenrun-dedce0de-606f-4139-9ef5-49c17486e423] INFO  o.eclipse.m2e.core.internal.Bundles - getClasspathEntries(Bundle=com.google.guava_31.1.0.jre [11])
2023-04-12 17:37:13,598 [Worker-36: Launching mavenrun-dedce0de-606f-4139-9ef5-49c17486e423] INFO  o.eclipse.m2e.core.internal.Bundles - 	Entry: C:\Users\Guru\.p2\pool\plugins\com.google.guava_31.1.0.jre.jar
2023-04-12 17:37:13,598 [Worker-36: Launching mavenrun-dedce0de-606f-4139-9ef5-49c17486e423] INFO  o.eclipse.m2e.core.internal.Bundles - getClasspathEntries(Bundle=slf4j.api_1.7.36 [923])
2023-04-12 17:37:13,599 [Worker-36: Launching mavenrun-dedce0de-606f-4139-9ef5-49c17486e423] INFO  o.eclipse.m2e.core.internal.Bundles - 	Entry: C:\Users\Guru\.p2\pool\plugins\slf4j.api_1.7.36.jar
2023-04-12 17:37:13,599 [Worker-36: Launching mavenrun-dedce0de-606f-4139-9ef5-49c17486e423] INFO  o.eclipse.m2e.core.internal.Bundles - getClasspathEntries(Bundle=javax.inject_1.0.0.v20220405-0441 [35])
2023-04-12 17:37:13,601 [Worker-36: Launching mavenrun-dedce0de-606f-4139-9ef5-49c17486e423] INFO  o.eclipse.m2e.core.internal.Bundles - 	Entry: C:\Users\Guru\.p2\pool\plugins\javax.inject_1.0.0.v20220405-0441.jar
2023-04-12 17:37:13,601 [Worker-36: Launching mavenrun-dedce0de-606f-4139-9ef5-49c17486e423] INFO  o.eclipse.m2e.core.internal.Bundles - getClasspathEntries(Bundle=javax.annotation_1.3.5.v20221203-1659 [33])
2023-04-12 17:37:13,603 [Worker-36: Launching mavenrun-dedce0de-606f-4139-9ef5-49c17486e423] INFO  o.eclipse.m2e.core.internal.Bundles - 	Entry: C:\Users\Guru\.p2\pool\plugins\javax.annotation_1.3.5.v20221203-1659.jar
2023-04-12 17:37:13,604 [Worker-36: Launching mavenrun-dedce0de-606f-4139-9ef5-49c17486e423] INFO  o.eclipse.m2e.core.internal.Bundles - getClasspathEntries(Bundle=org.apache.commons.cli_1.4.0.v20221112-0806 [67])
2023-04-12 17:37:13,605 [Worker-36: Launching mavenrun-dedce0de-606f-4139-9ef5-49c17486e423] INFO  o.eclipse.m2e.core.internal.Bundles - 	Entry: C:\Users\Guru\.p2\pool\plugins\org.apache.commons.cli_1.4.0.v20221112-0806.jar
2023-04-12 17:37:13,605 [Worker-36: Launching mavenrun-dedce0de-606f-4139-9ef5-49c17486e423] INFO  o.eclipse.m2e.core.internal.Bundles - getClasspathEntries(Bundle=com.google.guava.failureaccess_1.0.1 [13])
2023-04-12 17:37:13,606 [Worker-36: Launching mavenrun-dedce0de-606f-4139-9ef5-49c17486e423] INFO  o.eclipse.m2e.core.internal.Bundles - 	Entry: C:\Users\Guru\.p2\pool\plugins\com.google.guava.failureaccess_1.0.1.jar
2023-04-12 17:37:13,615 [Worker-36: Launching mavenrun-dedce0de-606f-4139-9ef5-49c17486e423] INFO  o.e.m.i.launch.MavenLaunchDelegate - Run build in "C:\Users\Guru\AppData\Local\Temp\m2e-archetypeGenerator17443489231558248255":
2023-04-12 17:37:13,620 [Worker-36: Launching mavenrun-dedce0de-606f-4139-9ef5-49c17486e423] INFO  o.e.m.i.launch.MavenLaunchDelegate -  mvn  -DarchetypeGroupId=org.apache.maven.archetypes -DarchetypeArtifactId=maven-archetype-webapp -DarchetypeVersion=1.4 -DgroupId=com.servelets1 -DartifactId=basicservalets1 -Dversion=0.0.1-SNAPSHOT -Dpackage=com.servelets1.basicservalets1 -DoutputDirectory=C:\Users\Guru\eclipse-workspace\.metadata -Dstyle.color=always -U archetype:generate
2023-04-12 17:37:56,411 [Worker-23: Creating maven-archetype-webapp] INFO  o.e.m.c.i.p.ProjectConfigurationManager - Collecting project info '/pom.xml' C:\Users\Guru\eclipse-workspace\.metadata\basicservalets1\pom.xml
2023-04-12 17:37:57,456 [Worker-23: Creating maven-archetype-webapp] INFO  o.e.m.c.i.l.LifecycleMappingFactory - Using org.maven.ide.eclipse.wtp.WarLifecycleMapping lifecycle mapping for MavenProject: com.servelets1:basicservalets1:0.0.1-SNAPSHOT @ C:\Users\Guru\eclipse-workspace\.metadata\basicservalets1\pom.xml.
2023-04-12 17:37:58,611 [Worker-23: Creating maven-archetype-webapp] INFO  o.e.m.j.i.AbstractJavaProjectConfigurator - Adding source folder /basicservalets1/src/main/java
2023-04-12 17:37:58,613 [Worker-23: Creating maven-archetype-webapp] INFO  o.e.m.j.i.AbstractJavaProjectConfigurator - Adding source folder /basicservalets1/src/test/java
2023-04-12 17:38:00,744 [Worker-23: Creating maven-archetype-webapp] INFO  o.e.m.c.i.p.ProjectConfigurationManager - Imported and configured 1 project(s) in 4 sec
2023-04-12 17:38:01,411 [Worker-39: Building] INFO  o.e.m.c.i.embedder.EclipseLogger - Using 'UTF-8' encoding to copy filtered resources.
2023-04-12 17:38:01,412 [Worker-39: Building] INFO  o.e.m.c.i.embedder.EclipseLogger - skip non existing resourceDirectory C:\Users\Guru\eclipse-workspace\.metadata\basicservalets1\src\main\resources
2023-04-12 17:38:01,418 [Worker-39: Building] INFO  o.e.m.c.i.embedder.EclipseLogger - Using 'UTF-8' encoding to copy filtered resources.
2023-04-12 17:38:01,419 [Worker-39: Building] INFO  o.e.m.c.i.embedder.EclipseLogger - skip non existing resourceDirectory C:\Users\Guru\eclipse-workspace\.metadata\basicservalets1\src\test\resources
